<?xml version="1.0" encoding="UTF-8"?>
<coverage generated="1514934915">
  <project timestamp="1514934915">
    <package name="danielgp\bank_holidays">
      <file name="C:\www\Data\GitRepositories\GitHub\danielgp\bank-holidays\source/Romanian.php">
        <class name="Romanian" namespace="danielgp\bank_holidays">
          <metrics complexity="25" methods="10" coveredmethods="10" conditionals="0" coveredconditionals="0" statements="73" coveredstatements="73" elements="83" coveredelements="83"/>
        </class>
        <line num="44" type="method" name="getEasterDatetime" visibility="private" complexity="1" crap="1" count="8"/>
        <line num="46" type="stmt" count="8"/>
        <line num="47" type="stmt" count="8"/>
        <line num="48" type="stmt" count="8"/>
        <line num="57" type="method" name="readTypeFromJsonFileUniversal" visibility="protected" complexity="1" crap="1" count="16"/>
        <line num="59" type="stmt" count="16"/>
        <line num="60" type="stmt" count="16"/>
        <line num="61" type="stmt" count="16"/>
        <line num="62" type="stmt" count="16"/>
        <line num="63" type="stmt" count="16"/>
        <line num="73" type="method" name="setHolidays" visibility="protected" complexity="3" crap="3" count="16"/>
        <line num="75" type="stmt" count="16"/>
        <line num="76" type="stmt" count="16"/>
        <line num="77" type="stmt" count="16"/>
        <line num="78" type="stmt" count="2"/>
        <line num="80" type="stmt" count="16"/>
        <line num="81" type="stmt" count="8"/>
        <line num="82" type="stmt" count="8"/>
        <line num="83" type="stmt" count="8"/>
        <line num="84" type="stmt" count="8"/>
        <line num="85" type="stmt" count="8"/>
        <line num="88" type="stmt" count="16"/>
        <line num="89" type="stmt" count="16"/>
        <line num="99" type="method" name="setHolidaysFixed" visibility="private" complexity="2" crap="2" count="16"/>
        <line num="102" type="stmt" count="16"/>
        <line num="103" type="stmt" count="16"/>
        <line num="104" type="stmt" count="16"/>
        <line num="105" type="stmt" count="16"/>
        <line num="106" type="stmt" count="16"/>
        <line num="107" type="stmt" count="16"/>
        <line num="109" type="stmt" count="16"/>
        <line num="110" type="stmt" count="16"/>
        <line num="111" type="stmt" count="13"/>
        <line num="112" type="stmt" count="13"/>
        <line num="114" type="stmt" count="16"/>
        <line num="124" type="method" name="setHolidaysFixedOnlyNewerYears" visibility="private" complexity="4" crap="4" count="16"/>
        <line num="126" type="stmt" count="16"/>
        <line num="127" type="stmt" count="16"/>
        <line num="128" type="stmt" count="13"/>
        <line num="129" type="stmt" count="13"/>
        <line num="130" type="stmt" count="13"/>
        <line num="131" type="stmt" count="13"/>
        <line num="132" type="stmt" count="1"/>
        <line num="133" type="stmt" count="1"/>
        <line num="137" type="stmt" count="16"/>
        <line num="147" type="method" name="setHolidaysFixedButWorking" visibility="private" complexity="3" crap="3" count="2"/>
        <line num="149" type="stmt" count="2"/>
        <line num="150" type="stmt" count="2"/>
        <line num="151" type="stmt" count="2"/>
        <line num="152" type="stmt" count="2"/>
        <line num="154" type="stmt" count="2"/>
        <line num="155" type="stmt" count="2"/>
        <line num="157" type="stmt" count="2"/>
        <line num="166" type="method" name="setHolidaysOrthodoxEaster" visibility="private" complexity="3" crap="3" count="16"/>
        <line num="168" type="stmt" count="16"/>
        <line num="169" type="stmt" count="16"/>
        <line num="170" type="stmt" count="16"/>
        <line num="171" type="stmt" count="16"/>
        <line num="172" type="stmt" count="16"/>
        <line num="173" type="stmt" count="16"/>
        <line num="174" type="stmt" count="16"/>
        <line num="177" type="stmt" count="16"/>
        <line num="187" type="method" name="setHolidaysInMonth" visibility="protected" complexity="3" crap="3" count="2"/>
        <line num="189" type="stmt" count="2"/>
        <line num="190" type="stmt" count="2"/>
        <line num="191" type="stmt" count="2"/>
        <line num="192" type="stmt" count="2"/>
        <line num="193" type="stmt" count="2"/>
        <line num="194" type="stmt" count="2"/>
        <line num="197" type="stmt" count="2"/>
        <line num="206" type="method" name="setMonthAllDaysIntoArray" visibility="protected" complexity="1" crap="1" count="8"/>
        <line num="208" type="stmt" count="8"/>
        <line num="209" type="stmt" count="8"/>
        <line num="210" type="stmt" count="8"/>
        <line num="211" type="stmt" count="8"/>
        <line num="221" type="method" name="setWorkingDaysInMonth" visibility="protected" complexity="4" crap="4" count="6"/>
        <line num="223" type="stmt" count="6"/>
        <line num="224" type="stmt" count="6"/>
        <line num="225" type="stmt" count="6"/>
        <line num="226" type="stmt" count="6"/>
        <line num="227" type="stmt" count="6"/>
        <line num="228" type="stmt" count="6"/>
        <line num="231" type="stmt" count="6"/>
        <metrics loc="233" ncloc="110" classes="1" methods="10" coveredmethods="10" conditionals="0" coveredconditionals="0" statements="73" coveredstatements="73" elements="83" coveredelements="83"/>
      </file>
    </package>
    <metrics files="1" loc="233" ncloc="110" classes="1" methods="10" coveredmethods="10" conditionals="0" coveredconditionals="0" statements="73" coveredstatements="73" elements="83" coveredelements="83"/>
  </project>
</coverage>
